{"/Users/nodi/Documents/gith/hacktober/react-spa-clientside-cdn/src/js/components/Header/Header.js": {"path":"/Users/nodi/Documents/gith/hacktober/react-spa-clientside-cdn/src/js/components/Header/Header.js","statementMap":{"0":{"start":{"line":4,"column":15},"end":{"line":10,"column":2}},"1":{"start":{"line":12,"column":14},"end":{"line":17,"column":2}},"2":{"start":{"line":21,"column":8},"end":{"line":25,"column":9}}},"fnMap":{"0":{"name":"(anonymous_0)","decl":{"start":{"line":20,"column":4},"end":{"line":20,"column":5}},"loc":{"start":{"line":20,"column":13},"end":{"line":26,"column":5}},"line":20}},"branchMap":{},"s":{"0":1,"1":1,"2":3},"f":{"0":3},"b":{},"_coverageSchema":"332fd63041d2c1bcb487cc26dd0d5f7d97098a6c","hash":"4f7268b10fae9589d74d4bf559f0b486088a9c05"}
}
